<?xml version="1.0" encoding="UTF-8"?>
<testsuite xmlns:xsi="http://www.w3.org/2001/XMLSchema-instance" xsi:noNamespaceSchemaLocation="https://maven.apache.org/surefire/maven-surefire-plugin/xsd/surefire-test-report-3.0.xsd" version="3.0" name="com.simtrade.user_service.UserServiceApplicationTests" time="7.927" tests="1" errors="0" skipped="0" failures="0">
  <properties>
    <property name="java.specification.version" value="17"/>
    <property name="sun.jnu.encoding" value="UTF-8"/>
    <property name="java.class.path" value="/home/rumike/Documents/AE/SimTrade/user_service/target/test-classes:/home/rumike/Documents/AE/SimTrade/user_service/target/classes:/home/rumike/Documents/AE/SimTrade/common/target/common-0.0.1-SNAPSHOT.jar:/home/rumike/.m2/repository/javax/annotation/javax.annotation-api/1.3.2/javax.annotation-api-1.3.2.jar:/home/rumike/.m2/repository/org/springframework/spring-messaging/6.1.6/spring-messaging-6.1.6.jar:/home/rumike/.m2/repository/org/springframework/spring-beans/6.1.6/spring-beans-6.1.6.jar:/home/rumike/.m2/repository/org/springframework/boot/spring-boot-starter-websocket/3.2.5/spring-boot-starter-websocket-3.2.5.jar:/home/rumike/.m2/repository/org/springframework/spring-websocket/6.1.6/spring-websocket-6.1.6.jar:/home/rumike/.m2/repository/org/springframework/boot/spring-boot-starter-web/3.2.5/spring-boot-starter-web-3.2.5.jar:/home/rumike/.m2/repository/org/springframework/boot/spring-boot-starter/3.2.5/spring-boot-starter-3.2.5.jar:/home/rumike/.m2/repository/org/springframework/boot/spring-boot/3.2.5/spring-boot-3.2.5.jar:/home/rumike/.m2/repository/org/springframework/boot/spring-boot-autoconfigure/3.2.5/spring-boot-autoconfigure-3.2.5.jar:/home/rumike/.m2/repository/org/springframework/boot/spring-boot-starter-logging/3.2.5/spring-boot-starter-logging-3.2.5.jar:/home/rumike/.m2/repository/ch/qos/logback/logback-classic/1.4.14/logback-classic-1.4.14.jar:/home/rumike/.m2/repository/ch/qos/logback/logback-core/1.4.14/logback-core-1.4.14.jar:/home/rumike/.m2/repository/org/apache/logging/log4j/log4j-to-slf4j/2.21.1/log4j-to-slf4j-2.21.1.jar:/home/rumike/.m2/repository/org/apache/logging/log4j/log4j-api/2.21.1/log4j-api-2.21.1.jar:/home/rumike/.m2/repository/org/slf4j/jul-to-slf4j/2.0.13/jul-to-slf4j-2.0.13.jar:/home/rumike/.m2/repository/jakarta/annotation/jakarta.annotation-api/2.1.1/jakarta.annotation-api-2.1.1.jar:/home/rumike/.m2/repository/org/yaml/snakeyaml/2.2/snakeyaml-2.2.jar:/home/rumike/.m2/repository/org/springframework/boot/spring-boot-starter-json/3.2.5/spring-boot-starter-json-3.2.5.jar:/home/rumike/.m2/repository/com/fasterxml/jackson/datatype/jackson-datatype-jdk8/2.15.4/jackson-datatype-jdk8-2.15.4.jar:/home/rumike/.m2/repository/com/fasterxml/jackson/datatype/jackson-datatype-jsr310/2.15.4/jackson-datatype-jsr310-2.15.4.jar:/home/rumike/.m2/repository/com/fasterxml/jackson/module/jackson-module-parameter-names/2.15.4/jackson-module-parameter-names-2.15.4.jar:/home/rumike/.m2/repository/org/springframework/boot/spring-boot-starter-tomcat/3.2.5/spring-boot-starter-tomcat-3.2.5.jar:/home/rumike/.m2/repository/org/apache/tomcat/embed/tomcat-embed-core/10.1.20/tomcat-embed-core-10.1.20.jar:/home/rumike/.m2/repository/org/apache/tomcat/embed/tomcat-embed-websocket/10.1.20/tomcat-embed-websocket-10.1.20.jar:/home/rumike/.m2/repository/org/springframework/spring-web/6.1.6/spring-web-6.1.6.jar:/home/rumike/.m2/repository/org/springframework/spring-webmvc/6.1.6/spring-webmvc-6.1.6.jar:/home/rumike/.m2/repository/org/springframework/spring-expression/6.1.6/spring-expression-6.1.6.jar:/home/rumike/.m2/repository/org/springframework/boot/spring-boot-starter-data-jpa/3.2.5/spring-boot-starter-data-jpa-3.2.5.jar:/home/rumike/.m2/repository/org/springframework/boot/spring-boot-starter-aop/3.2.5/spring-boot-starter-aop-3.2.5.jar:/home/rumike/.m2/repository/org/aspectj/aspectjweaver/1.9.22/aspectjweaver-1.9.22.jar:/home/rumike/.m2/repository/org/springframework/boot/spring-boot-starter-jdbc/3.2.5/spring-boot-starter-jdbc-3.2.5.jar:/home/rumike/.m2/repository/com/zaxxer/HikariCP/5.0.1/HikariCP-5.0.1.jar:/home/rumike/.m2/repository/org/springframework/spring-jdbc/6.1.6/spring-jdbc-6.1.6.jar:/home/rumike/.m2/repository/org/hibernate/orm/hibernate-core/6.4.4.Final/hibernate-core-6.4.4.Final.jar:/home/rumike/.m2/repository/jakarta/persistence/jakarta.persistence-api/3.1.0/jakarta.persistence-api-3.1.0.jar:/home/rumike/.m2/repository/jakarta/transaction/jakarta.transaction-api/2.0.1/jakarta.transaction-api-2.0.1.jar:/home/rumike/.m2/repository/org/jboss/logging/jboss-logging/3.5.3.Final/jboss-logging-3.5.3.Final.jar:/home/rumike/.m2/repository/org/hibernate/common/hibernate-commons-annotations/6.0.6.Final/hibernate-commons-annotations-6.0.6.Final.jar:/home/rumike/.m2/repository/io/smallrye/jandex/3.1.2/jandex-3.1.2.jar:/home/rumike/.m2/repository/com/fasterxml/classmate/1.6.0/classmate-1.6.0.jar:/home/rumike/.m2/repository/net/bytebuddy/byte-buddy/1.14.13/byte-buddy-1.14.13.jar:/home/rumike/.m2/repository/org/glassfish/jaxb/jaxb-runtime/4.0.5/jaxb-runtime-4.0.5.jar:/home/rumike/.m2/repository/org/glassfish/jaxb/jaxb-core/4.0.5/jaxb-core-4.0.5.jar:/home/rumike/.m2/repository/org/eclipse/angus/angus-activation/2.0.2/angus-activation-2.0.2.jar:/home/rumike/.m2/repository/org/glassfish/jaxb/txw2/4.0.5/txw2-4.0.5.jar:/home/rumike/.m2/repository/com/sun/istack/istack-commons-runtime/4.1.2/istack-commons-runtime-4.1.2.jar:/home/rumike/.m2/repository/jakarta/inject/jakarta.inject-api/2.0.1/jakarta.inject-api-2.0.1.jar:/home/rumike/.m2/repository/org/antlr/antlr4-runtime/4.13.0/antlr4-runtime-4.13.0.jar:/home/rumike/.m2/repository/org/springframework/data/spring-data-jpa/3.2.5/spring-data-jpa-3.2.5.jar:/home/rumike/.m2/repository/org/springframework/data/spring-data-commons/3.2.5/spring-data-commons-3.2.5.jar:/home/rumike/.m2/repository/org/springframework/spring-orm/6.1.6/spring-orm-6.1.6.jar:/home/rumike/.m2/repository/org/springframework/spring-aspects/6.1.6/spring-aspects-6.1.6.jar:/home/rumike/.m2/repository/org/springframework/boot/spring-boot-starter-security/3.2.5/spring-boot-starter-security-3.2.5.jar:/home/rumike/.m2/repository/org/springframework/spring-aop/6.1.6/spring-aop-6.1.6.jar:/home/rumike/.m2/repository/org/springframework/security/spring-security-config/6.2.4/spring-security-config-6.2.4.jar:/home/rumike/.m2/repository/org/springframework/security/spring-security-web/6.2.4/spring-security-web-6.2.4.jar:/home/rumike/.m2/repository/org/springframework/boot/spring-boot-starter-validation/3.2.5/spring-boot-starter-validation-3.2.5.jar:/home/rumike/.m2/repository/org/apache/tomcat/embed/tomcat-embed-el/10.1.20/tomcat-embed-el-10.1.20.jar:/home/rumike/.m2/repository/org/hibernate/validator/hibernate-validator/8.0.1.Final/hibernate-validator-8.0.1.Final.jar:/home/rumike/.m2/repository/jakarta/validation/jakarta.validation-api/3.0.2/jakarta.validation-api-3.0.2.jar:/home/rumike/.m2/repository/org/postgresql/postgresql/42.7.3/postgresql-42.7.3.jar:/home/rumike/.m2/repository/org/checkerframework/checker-qual/3.42.0/checker-qual-3.42.0.jar:/home/rumike/.m2/repository/io/jsonwebtoken/jjwt-api/0.11.5/jjwt-api-0.11.5.jar:/home/rumike/.m2/repository/io/jsonwebtoken/jjwt-impl/0.11.5/jjwt-impl-0.11.5.jar:/home/rumike/.m2/repository/io/jsonwebtoken/jjwt-jackson/0.11.5/jjwt-jackson-0.11.5.jar:/home/rumike/.m2/repository/com/fasterxml/jackson/core/jackson-databind/2.15.4/jackson-databind-2.15.4.jar:/home/rumike/.m2/repository/com/fasterxml/jackson/core/jackson-annotations/2.15.4/jackson-annotations-2.15.4.jar:/home/rumike/.m2/repository/com/fasterxml/jackson/core/jackson-core/2.15.4/jackson-core-2.15.4.jar:/home/rumike/.m2/repository/org/projectlombok/lombok/1.18.34/lombok-1.18.34.jar:/home/rumike/.m2/repository/org/springframework/boot/spring-boot-starter-data-redis/3.2.5/spring-boot-starter-data-redis-3.2.5.jar:/home/rumike/.m2/repository/io/lettuce/lettuce-core/6.3.2.RELEASE/lettuce-core-6.3.2.RELEASE.jar:/home/rumike/.m2/repository/io/netty/netty-common/4.1.109.Final/netty-common-4.1.109.Final.jar:/home/rumike/.m2/repository/io/netty/netty-handler/4.1.109.Final/netty-handler-4.1.109.Final.jar:/home/rumike/.m2/repository/io/netty/netty-resolver/4.1.109.Final/netty-resolver-4.1.109.Final.jar:/home/rumike/.m2/repository/io/netty/netty-buffer/4.1.109.Final/netty-buffer-4.1.109.Final.jar:/home/rumike/.m2/repository/io/netty/netty-transport-native-unix-common/4.1.109.Final/netty-transport-native-unix-common-4.1.109.Final.jar:/home/rumike/.m2/repository/io/netty/netty-codec/4.1.109.Final/netty-codec-4.1.109.Final.jar:/home/rumike/.m2/repository/io/netty/netty-transport/4.1.109.Final/netty-transport-4.1.109.Final.jar:/home/rumike/.m2/repository/io/projectreactor/reactor-core/3.6.5/reactor-core-3.6.5.jar:/home/rumike/.m2/repository/org/reactivestreams/reactive-streams/1.0.4/reactive-streams-1.0.4.jar:/home/rumike/.m2/repository/org/springframework/data/spring-data-redis/3.2.5/spring-data-redis-3.2.5.jar:/home/rumike/.m2/repository/org/springframework/data/spring-data-keyvalue/3.2.5/spring-data-keyvalue-3.2.5.jar:/home/rumike/.m2/repository/org/springframework/spring-oxm/6.1.6/spring-oxm-6.1.6.jar:/home/rumike/.m2/repository/org/springframework/spring-context-support/6.1.6/spring-context-support-6.1.6.jar:/home/rumike/.m2/repository/org/springframework/kafka/spring-kafka/3.0.6/spring-kafka-3.0.6.jar:/home/rumike/.m2/repository/org/springframework/spring-context/6.1.6/spring-context-6.1.6.jar:/home/rumike/.m2/repository/org/springframework/spring-tx/6.1.6/spring-tx-6.1.6.jar:/home/rumike/.m2/repository/org/springframework/retry/spring-retry/2.0.5/spring-retry-2.0.5.jar:/home/rumike/.m2/repository/io/micrometer/micrometer-observation/1.12.5/micrometer-observation-1.12.5.jar:/home/rumike/.m2/repository/io/micrometer/micrometer-commons/1.12.5/micrometer-commons-1.12.5.jar:/home/rumike/.m2/repository/com/google/code/findbugs/jsr305/3.0.2/jsr305-3.0.2.jar:/home/rumike/.m2/repository/org/apache/kafka/kafka-clients/3.6.2/kafka-clients-3.6.2.jar:/home/rumike/.m2/repository/com/github/luben/zstd-jni/1.5.5-1/zstd-jni-1.5.5-1.jar:/home/rumike/.m2/repository/org/lz4/lz4-java/1.8.0/lz4-java-1.8.0.jar:/home/rumike/.m2/repository/org/xerial/snappy/snappy-java/1.1.10.5/snappy-java-1.1.10.5.jar:/home/rumike/.m2/repository/org/slf4j/slf4j-api/2.0.13/slf4j-api-2.0.13.jar:/home/rumike/.m2/repository/org/springframework/boot/spring-boot-starter-test/3.2.5/spring-boot-starter-test-3.2.5.jar:/home/rumike/.m2/repository/org/springframework/boot/spring-boot-test/3.2.5/spring-boot-test-3.2.5.jar:/home/rumike/.m2/repository/org/springframework/boot/spring-boot-test-autoconfigure/3.2.5/spring-boot-test-autoconfigure-3.2.5.jar:/home/rumike/.m2/repository/com/jayway/jsonpath/json-path/2.9.0/json-path-2.9.0.jar:/home/rumike/.m2/repository/jakarta/xml/bind/jakarta.xml.bind-api/4.0.2/jakarta.xml.bind-api-4.0.2.jar:/home/rumike/.m2/repository/jakarta/activation/jakarta.activation-api/2.1.3/jakarta.activation-api-2.1.3.jar:/home/rumike/.m2/repository/net/minidev/json-smart/2.5.1/json-smart-2.5.1.jar:/home/rumike/.m2/repository/net/minidev/accessors-smart/2.5.1/accessors-smart-2.5.1.jar:/home/rumike/.m2/repository/org/ow2/asm/asm/9.6/asm-9.6.jar:/home/rumike/.m2/repository/org/assertj/assertj-core/3.24.2/assertj-core-3.24.2.jar:/home/rumike/.m2/repository/org/awaitility/awaitility/4.2.1/awaitility-4.2.1.jar:/home/rumike/.m2/repository/org/hamcrest/hamcrest/2.2/hamcrest-2.2.jar:/home/rumike/.m2/repository/org/junit/jupiter/junit-jupiter/5.10.2/junit-jupiter-5.10.2.jar:/home/rumike/.m2/repository/org/junit/jupiter/junit-jupiter-api/5.10.2/junit-jupiter-api-5.10.2.jar:/home/rumike/.m2/repository/org/opentest4j/opentest4j/1.3.0/opentest4j-1.3.0.jar:/home/rumike/.m2/repository/org/junit/platform/junit-platform-commons/1.10.2/junit-platform-commons-1.10.2.jar:/home/rumike/.m2/repository/org/apiguardian/apiguardian-api/1.1.2/apiguardian-api-1.1.2.jar:/home/rumike/.m2/repository/org/junit/jupiter/junit-jupiter-params/5.10.2/junit-jupiter-params-5.10.2.jar:/home/rumike/.m2/repository/org/junit/jupiter/junit-jupiter-engine/5.10.2/junit-jupiter-engine-5.10.2.jar:/home/rumike/.m2/repository/org/junit/platform/junit-platform-engine/1.10.2/junit-platform-engine-1.10.2.jar:/home/rumike/.m2/repository/org/mockito/mockito-core/5.7.0/mockito-core-5.7.0.jar:/home/rumike/.m2/repository/net/bytebuddy/byte-buddy-agent/1.14.13/byte-buddy-agent-1.14.13.jar:/home/rumike/.m2/repository/org/objenesis/objenesis/3.3/objenesis-3.3.jar:/home/rumike/.m2/repository/org/mockito/mockito-junit-jupiter/5.7.0/mockito-junit-jupiter-5.7.0.jar:/home/rumike/.m2/repository/org/skyscreamer/jsonassert/1.5.1/jsonassert-1.5.1.jar:/home/rumike/.m2/repository/com/vaadin/external/google/android-json/0.0.20131108.vaadin1/android-json-0.0.20131108.vaadin1.jar:/home/rumike/.m2/repository/org/springframework/spring-core/6.1.6/spring-core-6.1.6.jar:/home/rumike/.m2/repository/org/springframework/spring-jcl/6.1.6/spring-jcl-6.1.6.jar:/home/rumike/.m2/repository/org/springframework/spring-test/6.1.6/spring-test-6.1.6.jar:/home/rumike/.m2/repository/org/xmlunit/xmlunit-core/2.9.1/xmlunit-core-2.9.1.jar:/home/rumike/.m2/repository/org/springframework/security/spring-security-test/6.2.4/spring-security-test-6.2.4.jar:/home/rumike/.m2/repository/org/springframework/security/spring-security-core/6.2.4/spring-security-core-6.2.4.jar:/home/rumike/.m2/repository/org/springframework/security/spring-security-crypto/6.2.4/spring-security-crypto-6.2.4.jar:"/>
    <property name="java.vm.vendor" value="Debian"/>
    <property name="sun.arch.data.model" value="64"/>
    <property name="java.vendor.url" value="https://tracker.debian.org/openjdk-17"/>
    <property name="user.timezone" value="Africa/Casablanca"/>
    <property name="org.jboss.logging.provider" value="slf4j"/>
    <property name="os.name" value="Linux"/>
    <property name="java.vm.specification.version" value="17"/>
    <property name="sun.java.launcher" value="SUN_STANDARD"/>
    <property name="user.country" value="GB"/>
    <property name="sun.boot.library.path" value="/usr/lib/jvm/java-17-openjdk-amd64/lib"/>
    <property name="sun.java.command" value="/home/rumike/Documents/AE/SimTrade/user_service/target/surefire/surefirebooter-20250615011340109_7.jar /home/rumike/Documents/AE/SimTrade/user_service/target/surefire 2025-06-15T01-13-29_481-jvmRun1 surefire-20250615011340109_5tmp surefire_1-20250615011340109_6tmp"/>
    <property name="jdk.debug" value="release"/>
    <property name="surefire.test.class.path" value="/home/rumike/Documents/AE/SimTrade/user_service/target/test-classes:/home/rumike/Documents/AE/SimTrade/user_service/target/classes:/home/rumike/Documents/AE/SimTrade/common/target/common-0.0.1-SNAPSHOT.jar:/home/rumike/.m2/repository/javax/annotation/javax.annotation-api/1.3.2/javax.annotation-api-1.3.2.jar:/home/rumike/.m2/repository/org/springframework/spring-messaging/6.1.6/spring-messaging-6.1.6.jar:/home/rumike/.m2/repository/org/springframework/spring-beans/6.1.6/spring-beans-6.1.6.jar:/home/rumike/.m2/repository/org/springframework/boot/spring-boot-starter-websocket/3.2.5/spring-boot-starter-websocket-3.2.5.jar:/home/rumike/.m2/repository/org/springframework/spring-websocket/6.1.6/spring-websocket-6.1.6.jar:/home/rumike/.m2/repository/org/springframework/boot/spring-boot-starter-web/3.2.5/spring-boot-starter-web-3.2.5.jar:/home/rumike/.m2/repository/org/springframework/boot/spring-boot-starter/3.2.5/spring-boot-starter-3.2.5.jar:/home/rumike/.m2/repository/org/springframework/boot/spring-boot/3.2.5/spring-boot-3.2.5.jar:/home/rumike/.m2/repository/org/springframework/boot/spring-boot-autoconfigure/3.2.5/spring-boot-autoconfigure-3.2.5.jar:/home/rumike/.m2/repository/org/springframework/boot/spring-boot-starter-logging/3.2.5/spring-boot-starter-logging-3.2.5.jar:/home/rumike/.m2/repository/ch/qos/logback/logback-classic/1.4.14/logback-classic-1.4.14.jar:/home/rumike/.m2/repository/ch/qos/logback/logback-core/1.4.14/logback-core-1.4.14.jar:/home/rumike/.m2/repository/org/apache/logging/log4j/log4j-to-slf4j/2.21.1/log4j-to-slf4j-2.21.1.jar:/home/rumike/.m2/repository/org/apache/logging/log4j/log4j-api/2.21.1/log4j-api-2.21.1.jar:/home/rumike/.m2/repository/org/slf4j/jul-to-slf4j/2.0.13/jul-to-slf4j-2.0.13.jar:/home/rumike/.m2/repository/jakarta/annotation/jakarta.annotation-api/2.1.1/jakarta.annotation-api-2.1.1.jar:/home/rumike/.m2/repository/org/yaml/snakeyaml/2.2/snakeyaml-2.2.jar:/home/rumike/.m2/repository/org/springframework/boot/spring-boot-starter-json/3.2.5/spring-boot-starter-json-3.2.5.jar:/home/rumike/.m2/repository/com/fasterxml/jackson/datatype/jackson-datatype-jdk8/2.15.4/jackson-datatype-jdk8-2.15.4.jar:/home/rumike/.m2/repository/com/fasterxml/jackson/datatype/jackson-datatype-jsr310/2.15.4/jackson-datatype-jsr310-2.15.4.jar:/home/rumike/.m2/repository/com/fasterxml/jackson/module/jackson-module-parameter-names/2.15.4/jackson-module-parameter-names-2.15.4.jar:/home/rumike/.m2/repository/org/springframework/boot/spring-boot-starter-tomcat/3.2.5/spring-boot-starter-tomcat-3.2.5.jar:/home/rumike/.m2/repository/org/apache/tomcat/embed/tomcat-embed-core/10.1.20/tomcat-embed-core-10.1.20.jar:/home/rumike/.m2/repository/org/apache/tomcat/embed/tomcat-embed-websocket/10.1.20/tomcat-embed-websocket-10.1.20.jar:/home/rumike/.m2/repository/org/springframework/spring-web/6.1.6/spring-web-6.1.6.jar:/home/rumike/.m2/repository/org/springframework/spring-webmvc/6.1.6/spring-webmvc-6.1.6.jar:/home/rumike/.m2/repository/org/springframework/spring-expression/6.1.6/spring-expression-6.1.6.jar:/home/rumike/.m2/repository/org/springframework/boot/spring-boot-starter-data-jpa/3.2.5/spring-boot-starter-data-jpa-3.2.5.jar:/home/rumike/.m2/repository/org/springframework/boot/spring-boot-starter-aop/3.2.5/spring-boot-starter-aop-3.2.5.jar:/home/rumike/.m2/repository/org/aspectj/aspectjweaver/1.9.22/aspectjweaver-1.9.22.jar:/home/rumike/.m2/repository/org/springframework/boot/spring-boot-starter-jdbc/3.2.5/spring-boot-starter-jdbc-3.2.5.jar:/home/rumike/.m2/repository/com/zaxxer/HikariCP/5.0.1/HikariCP-5.0.1.jar:/home/rumike/.m2/repository/org/springframework/spring-jdbc/6.1.6/spring-jdbc-6.1.6.jar:/home/rumike/.m2/repository/org/hibernate/orm/hibernate-core/6.4.4.Final/hibernate-core-6.4.4.Final.jar:/home/rumike/.m2/repository/jakarta/persistence/jakarta.persistence-api/3.1.0/jakarta.persistence-api-3.1.0.jar:/home/rumike/.m2/repository/jakarta/transaction/jakarta.transaction-api/2.0.1/jakarta.transaction-api-2.0.1.jar:/home/rumike/.m2/repository/org/jboss/logging/jboss-logging/3.5.3.Final/jboss-logging-3.5.3.Final.jar:/home/rumike/.m2/repository/org/hibernate/common/hibernate-commons-annotations/6.0.6.Final/hibernate-commons-annotations-6.0.6.Final.jar:/home/rumike/.m2/repository/io/smallrye/jandex/3.1.2/jandex-3.1.2.jar:/home/rumike/.m2/repository/com/fasterxml/classmate/1.6.0/classmate-1.6.0.jar:/home/rumike/.m2/repository/net/bytebuddy/byte-buddy/1.14.13/byte-buddy-1.14.13.jar:/home/rumike/.m2/repository/org/glassfish/jaxb/jaxb-runtime/4.0.5/jaxb-runtime-4.0.5.jar:/home/rumike/.m2/repository/org/glassfish/jaxb/jaxb-core/4.0.5/jaxb-core-4.0.5.jar:/home/rumike/.m2/repository/org/eclipse/angus/angus-activation/2.0.2/angus-activation-2.0.2.jar:/home/rumike/.m2/repository/org/glassfish/jaxb/txw2/4.0.5/txw2-4.0.5.jar:/home/rumike/.m2/repository/com/sun/istack/istack-commons-runtime/4.1.2/istack-commons-runtime-4.1.2.jar:/home/rumike/.m2/repository/jakarta/inject/jakarta.inject-api/2.0.1/jakarta.inject-api-2.0.1.jar:/home/rumike/.m2/repository/org/antlr/antlr4-runtime/4.13.0/antlr4-runtime-4.13.0.jar:/home/rumike/.m2/repository/org/springframework/data/spring-data-jpa/3.2.5/spring-data-jpa-3.2.5.jar:/home/rumike/.m2/repository/org/springframework/data/spring-data-commons/3.2.5/spring-data-commons-3.2.5.jar:/home/rumike/.m2/repository/org/springframework/spring-orm/6.1.6/spring-orm-6.1.6.jar:/home/rumike/.m2/repository/org/springframework/spring-aspects/6.1.6/spring-aspects-6.1.6.jar:/home/rumike/.m2/repository/org/springframework/boot/spring-boot-starter-security/3.2.5/spring-boot-starter-security-3.2.5.jar:/home/rumike/.m2/repository/org/springframework/spring-aop/6.1.6/spring-aop-6.1.6.jar:/home/rumike/.m2/repository/org/springframework/security/spring-security-config/6.2.4/spring-security-config-6.2.4.jar:/home/rumike/.m2/repository/org/springframework/security/spring-security-web/6.2.4/spring-security-web-6.2.4.jar:/home/rumike/.m2/repository/org/springframework/boot/spring-boot-starter-validation/3.2.5/spring-boot-starter-validation-3.2.5.jar:/home/rumike/.m2/repository/org/apache/tomcat/embed/tomcat-embed-el/10.1.20/tomcat-embed-el-10.1.20.jar:/home/rumike/.m2/repository/org/hibernate/validator/hibernate-validator/8.0.1.Final/hibernate-validator-8.0.1.Final.jar:/home/rumike/.m2/repository/jakarta/validation/jakarta.validation-api/3.0.2/jakarta.validation-api-3.0.2.jar:/home/rumike/.m2/repository/org/postgresql/postgresql/42.7.3/postgresql-42.7.3.jar:/home/rumike/.m2/repository/org/checkerframework/checker-qual/3.42.0/checker-qual-3.42.0.jar:/home/rumike/.m2/repository/io/jsonwebtoken/jjwt-api/0.11.5/jjwt-api-0.11.5.jar:/home/rumike/.m2/repository/io/jsonwebtoken/jjwt-impl/0.11.5/jjwt-impl-0.11.5.jar:/home/rumike/.m2/repository/io/jsonwebtoken/jjwt-jackson/0.11.5/jjwt-jackson-0.11.5.jar:/home/rumike/.m2/repository/com/fasterxml/jackson/core/jackson-databind/2.15.4/jackson-databind-2.15.4.jar:/home/rumike/.m2/repository/com/fasterxml/jackson/core/jackson-annotations/2.15.4/jackson-annotations-2.15.4.jar:/home/rumike/.m2/repository/com/fasterxml/jackson/core/jackson-core/2.15.4/jackson-core-2.15.4.jar:/home/rumike/.m2/repository/org/projectlombok/lombok/1.18.34/lombok-1.18.34.jar:/home/rumike/.m2/repository/org/springframework/boot/spring-boot-starter-data-redis/3.2.5/spring-boot-starter-data-redis-3.2.5.jar:/home/rumike/.m2/repository/io/lettuce/lettuce-core/6.3.2.RELEASE/lettuce-core-6.3.2.RELEASE.jar:/home/rumike/.m2/repository/io/netty/netty-common/4.1.109.Final/netty-common-4.1.109.Final.jar:/home/rumike/.m2/repository/io/netty/netty-handler/4.1.109.Final/netty-handler-4.1.109.Final.jar:/home/rumike/.m2/repository/io/netty/netty-resolver/4.1.109.Final/netty-resolver-4.1.109.Final.jar:/home/rumike/.m2/repository/io/netty/netty-buffer/4.1.109.Final/netty-buffer-4.1.109.Final.jar:/home/rumike/.m2/repository/io/netty/netty-transport-native-unix-common/4.1.109.Final/netty-transport-native-unix-common-4.1.109.Final.jar:/home/rumike/.m2/repository/io/netty/netty-codec/4.1.109.Final/netty-codec-4.1.109.Final.jar:/home/rumike/.m2/repository/io/netty/netty-transport/4.1.109.Final/netty-transport-4.1.109.Final.jar:/home/rumike/.m2/repository/io/projectreactor/reactor-core/3.6.5/reactor-core-3.6.5.jar:/home/rumike/.m2/repository/org/reactivestreams/reactive-streams/1.0.4/reactive-streams-1.0.4.jar:/home/rumike/.m2/repository/org/springframework/data/spring-data-redis/3.2.5/spring-data-redis-3.2.5.jar:/home/rumike/.m2/repository/org/springframework/data/spring-data-keyvalue/3.2.5/spring-data-keyvalue-3.2.5.jar:/home/rumike/.m2/repository/org/springframework/spring-oxm/6.1.6/spring-oxm-6.1.6.jar:/home/rumike/.m2/repository/org/springframework/spring-context-support/6.1.6/spring-context-support-6.1.6.jar:/home/rumike/.m2/repository/org/springframework/kafka/spring-kafka/3.0.6/spring-kafka-3.0.6.jar:/home/rumike/.m2/repository/org/springframework/spring-context/6.1.6/spring-context-6.1.6.jar:/home/rumike/.m2/repository/org/springframework/spring-tx/6.1.6/spring-tx-6.1.6.jar:/home/rumike/.m2/repository/org/springframework/retry/spring-retry/2.0.5/spring-retry-2.0.5.jar:/home/rumike/.m2/repository/io/micrometer/micrometer-observation/1.12.5/micrometer-observation-1.12.5.jar:/home/rumike/.m2/repository/io/micrometer/micrometer-commons/1.12.5/micrometer-commons-1.12.5.jar:/home/rumike/.m2/repository/com/google/code/findbugs/jsr305/3.0.2/jsr305-3.0.2.jar:/home/rumike/.m2/repository/org/apache/kafka/kafka-clients/3.6.2/kafka-clients-3.6.2.jar:/home/rumike/.m2/repository/com/github/luben/zstd-jni/1.5.5-1/zstd-jni-1.5.5-1.jar:/home/rumike/.m2/repository/org/lz4/lz4-java/1.8.0/lz4-java-1.8.0.jar:/home/rumike/.m2/repository/org/xerial/snappy/snappy-java/1.1.10.5/snappy-java-1.1.10.5.jar:/home/rumike/.m2/repository/org/slf4j/slf4j-api/2.0.13/slf4j-api-2.0.13.jar:/home/rumike/.m2/repository/org/springframework/boot/spring-boot-starter-test/3.2.5/spring-boot-starter-test-3.2.5.jar:/home/rumike/.m2/repository/org/springframework/boot/spring-boot-test/3.2.5/spring-boot-test-3.2.5.jar:/home/rumike/.m2/repository/org/springframework/boot/spring-boot-test-autoconfigure/3.2.5/spring-boot-test-autoconfigure-3.2.5.jar:/home/rumike/.m2/repository/com/jayway/jsonpath/json-path/2.9.0/json-path-2.9.0.jar:/home/rumike/.m2/repository/jakarta/xml/bind/jakarta.xml.bind-api/4.0.2/jakarta.xml.bind-api-4.0.2.jar:/home/rumike/.m2/repository/jakarta/activation/jakarta.activation-api/2.1.3/jakarta.activation-api-2.1.3.jar:/home/rumike/.m2/repository/net/minidev/json-smart/2.5.1/json-smart-2.5.1.jar:/home/rumike/.m2/repository/net/minidev/accessors-smart/2.5.1/accessors-smart-2.5.1.jar:/home/rumike/.m2/repository/org/ow2/asm/asm/9.6/asm-9.6.jar:/home/rumike/.m2/repository/org/assertj/assertj-core/3.24.2/assertj-core-3.24.2.jar:/home/rumike/.m2/repository/org/awaitility/awaitility/4.2.1/awaitility-4.2.1.jar:/home/rumike/.m2/repository/org/hamcrest/hamcrest/2.2/hamcrest-2.2.jar:/home/rumike/.m2/repository/org/junit/jupiter/junit-jupiter/5.10.2/junit-jupiter-5.10.2.jar:/home/rumike/.m2/repository/org/junit/jupiter/junit-jupiter-api/5.10.2/junit-jupiter-api-5.10.2.jar:/home/rumike/.m2/repository/org/opentest4j/opentest4j/1.3.0/opentest4j-1.3.0.jar:/home/rumike/.m2/repository/org/junit/platform/junit-platform-commons/1.10.2/junit-platform-commons-1.10.2.jar:/home/rumike/.m2/repository/org/apiguardian/apiguardian-api/1.1.2/apiguardian-api-1.1.2.jar:/home/rumike/.m2/repository/org/junit/jupiter/junit-jupiter-params/5.10.2/junit-jupiter-params-5.10.2.jar:/home/rumike/.m2/repository/org/junit/jupiter/junit-jupiter-engine/5.10.2/junit-jupiter-engine-5.10.2.jar:/home/rumike/.m2/repository/org/junit/platform/junit-platform-engine/1.10.2/junit-platform-engine-1.10.2.jar:/home/rumike/.m2/repository/org/mockito/mockito-core/5.7.0/mockito-core-5.7.0.jar:/home/rumike/.m2/repository/net/bytebuddy/byte-buddy-agent/1.14.13/byte-buddy-agent-1.14.13.jar:/home/rumike/.m2/repository/org/objenesis/objenesis/3.3/objenesis-3.3.jar:/home/rumike/.m2/repository/org/mockito/mockito-junit-jupiter/5.7.0/mockito-junit-jupiter-5.7.0.jar:/home/rumike/.m2/repository/org/skyscreamer/jsonassert/1.5.1/jsonassert-1.5.1.jar:/home/rumike/.m2/repository/com/vaadin/external/google/android-json/0.0.20131108.vaadin1/android-json-0.0.20131108.vaadin1.jar:/home/rumike/.m2/repository/org/springframework/spring-core/6.1.6/spring-core-6.1.6.jar:/home/rumike/.m2/repository/org/springframework/spring-jcl/6.1.6/spring-jcl-6.1.6.jar:/home/rumike/.m2/repository/org/springframework/spring-test/6.1.6/spring-test-6.1.6.jar:/home/rumike/.m2/repository/org/xmlunit/xmlunit-core/2.9.1/xmlunit-core-2.9.1.jar:/home/rumike/.m2/repository/org/springframework/security/spring-security-test/6.2.4/spring-security-test-6.2.4.jar:/home/rumike/.m2/repository/org/springframework/security/spring-security-core/6.2.4/spring-security-core-6.2.4.jar:/home/rumike/.m2/repository/org/springframework/security/spring-security-crypto/6.2.4/spring-security-crypto-6.2.4.jar:"/>
    <property name="sun.cpu.endian" value="little"/>
    <property name="user.home" value="/home/rumike"/>
    <property name="user.language" value="en"/>
    <property name="java.specification.vendor" value="Oracle Corporation"/>
    <property name="java.version.date" value="2025-01-21"/>
    <property name="java.home" value="/usr/lib/jvm/java-17-openjdk-amd64"/>
    <property name="file.separator" value="/"/>
    <property name="basedir" value="/home/rumike/Documents/AE/SimTrade/user_service"/>
    <property name="java.vm.compressedOopsMode" value="Zero based"/>
    <property name="line.separator" value="&#10;"/>
    <property name="java.specification.name" value="Java Platform API Specification"/>
    <property name="java.vm.specification.vendor" value="Oracle Corporation"/>
    <property name="FILE_LOG_CHARSET" value="UTF-8"/>
    <property name="java.awt.headless" value="true"/>
    <property name="surefire.real.class.path" value="/home/rumike/Documents/AE/SimTrade/user_service/target/surefire/surefirebooter-20250615011340109_7.jar"/>
    <property name="sun.management.compiler" value="HotSpot 64-Bit Tiered Compilers"/>
    <property name="java.runtime.version" value="17.0.14+7-Debian-1deb12u1"/>
    <property name="user.name" value="rumike"/>
    <property name="path.separator" value=":"/>
    <property name="os.version" value="6.1.0-28-amd64"/>
    <property name="java.runtime.name" value="OpenJDK Runtime Environment"/>
    <property name="file.encoding" value="UTF-8"/>
    <property name="java.vm.name" value="OpenJDK 64-Bit Server VM"/>
    <property name="localRepository" value="/home/rumike/.m2/repository"/>
    <property name="java.vendor.url.bug" value="https://bugs.debian.org/openjdk-17"/>
    <property name="java.io.tmpdir" value="/tmp"/>
    <property name="com.zaxxer.hikari.pool_number" value="1"/>
    <property name="java.version" value="17.0.14"/>
    <property name="user.dir" value="/home/rumike/Documents/AE/SimTrade/user_service"/>
    <property name="os.arch" value="amd64"/>
    <property name="java.vm.specification.name" value="Java Virtual Machine Specification"/>
    <property name="PID" value="204138"/>
    <property name="CONSOLE_LOG_CHARSET" value="UTF-8"/>
    <property name="native.encoding" value="UTF-8"/>
    <property name="java.library.path" value="/usr/java/packages/lib:/usr/lib/x86_64-linux-gnu/jni:/lib/x86_64-linux-gnu:/usr/lib/x86_64-linux-gnu:/usr/lib/jni:/lib:/usr/lib"/>
    <property name="java.vm.info" value="mixed mode, sharing"/>
    <property name="java.vendor" value="Debian"/>
    <property name="java.vm.version" value="17.0.14+7-Debian-1deb12u1"/>
    <property name="java.specification.maintenance.version" value="1"/>
    <property name="sun.io.unicode.encoding" value="UnicodeLittle"/>
    <property name="java.class.version" value="61.0"/>
    <property name="LOGGED_APPLICATION_NAME" value="[user-service] "/>
  </properties>
  <testcase name="contextLoads" classname="com.simtrade.user_service.UserServiceApplicationTests" time="0.556">
    <system-out><![CDATA[01:13:40.969 [main] INFO org.springframework.test.context.support.AnnotationConfigContextLoaderUtils -- Could not detect default configuration classes for test class [com.simtrade.user_service.UserServiceApplicationTests]: UserServiceApplicationTests does not declare any static, non-private, non-final, nested classes annotated with @Configuration.
01:13:41.138 [main] INFO org.springframework.boot.test.context.SpringBootTestContextBootstrapper -- Found @SpringBootConfiguration com.simtrade.user_service.UserServiceApplication for test class com.simtrade.user_service.UserServiceApplicationTests

  .   ____          _            __ _ _
 /\\ / ___'_ __ _ _(_)_ __  __ _ \ \ \ \
( ( )\___ | '_ | '_| | '_ \/ _` | \ \ \ \
 \\/  ___)| |_)| | | | | || (_| |  ) ) ) )
  '  |____| .__|_| |_|_| |_\__, | / / / /
 =========|_|==============|___/=/_/_/_/
 :: Spring Boot ::                (v3.2.5)

2025-06-15T01:13:41.637+01:00  INFO 204138 --- [user-service] [           main] c.s.u.UserServiceApplicationTests        : Starting UserServiceApplicationTests using Java 17.0.14 with PID 204138 (started by rumike in /home/rumike/Documents/AE/SimTrade/user_service)
2025-06-15T01:13:41.638+01:00 DEBUG 204138 --- [user-service] [           main] c.s.u.UserServiceApplicationTests        : Running with Spring Boot v3.2.5, Spring v6.1.6
2025-06-15T01:13:41.639+01:00  INFO 204138 --- [user-service] [           main] c.s.u.UserServiceApplicationTests        : No active profile set, falling back to 1 default profile: "default"
2025-06-15T01:13:42.602+01:00  INFO 204138 --- [user-service] [           main] .s.d.r.c.RepositoryConfigurationDelegate : Multiple Spring Data modules found, entering strict repository configuration mode
2025-06-15T01:13:42.604+01:00  INFO 204138 --- [user-service] [           main] .s.d.r.c.RepositoryConfigurationDelegate : Bootstrapping Spring Data JPA repositories in DEFAULT mode.
2025-06-15T01:13:42.759+01:00  INFO 204138 --- [user-service] [           main] .s.d.r.c.RepositoryConfigurationDelegate : Finished Spring Data repository scanning in 146 ms. Found 3 JPA repository interfaces.
2025-06-15T01:13:42.784+01:00  INFO 204138 --- [user-service] [           main] .s.d.r.c.RepositoryConfigurationDelegate : Multiple Spring Data modules found, entering strict repository configuration mode
2025-06-15T01:13:42.786+01:00  INFO 204138 --- [user-service] [           main] .s.d.r.c.RepositoryConfigurationDelegate : Bootstrapping Spring Data Redis repositories in DEFAULT mode.
2025-06-15T01:13:42.807+01:00  INFO 204138 --- [user-service] [           main] .RepositoryConfigurationExtensionSupport : Spring Data Redis - Could not safely identify store assignment for repository candidate interface com.simtrade.user_service.repository.LeaderboardSnapshotRepository; If you want this repository to be a Redis repository, consider annotating your entities with one of these annotations: org.springframework.data.redis.core.RedisHash (preferred), or consider extending one of the following types with your repository: org.springframework.data.keyvalue.repository.KeyValueRepository
2025-06-15T01:13:42.808+01:00  INFO 204138 --- [user-service] [           main] .RepositoryConfigurationExtensionSupport : Spring Data Redis - Could not safely identify store assignment for repository candidate interface com.simtrade.user_service.repository.SystemStateRepository; If you want this repository to be a Redis repository, consider annotating your entities with one of these annotations: org.springframework.data.redis.core.RedisHash (preferred), or consider extending one of the following types with your repository: org.springframework.data.keyvalue.repository.KeyValueRepository
2025-06-15T01:13:42.808+01:00  INFO 204138 --- [user-service] [           main] .RepositoryConfigurationExtensionSupport : Spring Data Redis - Could not safely identify store assignment for repository candidate interface com.simtrade.user_service.repository.UserRepository; If you want this repository to be a Redis repository, consider annotating your entities with one of these annotations: org.springframework.data.redis.core.RedisHash (preferred), or consider extending one of the following types with your repository: org.springframework.data.keyvalue.repository.KeyValueRepository
2025-06-15T01:13:42.809+01:00  INFO 204138 --- [user-service] [           main] .s.d.r.c.RepositoryConfigurationDelegate : Finished Spring Data repository scanning in 13 ms. Found 0 Redis repository interfaces.
2025-06-15T01:13:43.512+01:00  INFO 204138 --- [user-service] [           main] o.hibernate.jpa.internal.util.LogHelper  : HHH000204: Processing PersistenceUnitInfo [name: default]
2025-06-15T01:13:43.563+01:00  INFO 204138 --- [user-service] [           main] org.hibernate.Version                    : HHH000412: Hibernate ORM core version 6.4.4.Final
2025-06-15T01:13:43.599+01:00  INFO 204138 --- [user-service] [           main] o.h.c.internal.RegionFactoryInitiator    : HHH000026: Second-level cache disabled
2025-06-15T01:13:43.809+01:00  INFO 204138 --- [user-service] [           main] o.s.o.j.p.SpringPersistenceUnitInfo      : No LoadTimeWeaver setup: ignoring JPA class transformer
2025-06-15T01:13:43.837+01:00  INFO 204138 --- [user-service] [           main] com.zaxxer.hikari.HikariDataSource       : HikariPool-1 - Starting...
2025-06-15T01:13:44.084+01:00  INFO 204138 --- [user-service] [           main] com.zaxxer.hikari.pool.HikariPool        : HikariPool-1 - Added connection org.postgresql.jdbc.PgConnection@1b444b5
2025-06-15T01:13:44.087+01:00  INFO 204138 --- [user-service] [           main] com.zaxxer.hikari.HikariDataSource       : HikariPool-1 - Start completed.
2025-06-15T01:13:44.137+01:00  WARN 204138 --- [user-service] [           main] org.hibernate.orm.deprecation            : HHH90000025: PostgreSQLDialect does not need to be specified explicitly using 'hibernate.dialect' (remove the property setting and it will be selected by default)
2025-06-15T01:13:45.285+01:00  INFO 204138 --- [user-service] [           main] o.h.e.t.j.p.i.JtaPlatformInitiator       : HHH000489: No JTA platform available (set 'hibernate.transaction.jta.platform' to enable JTA platform integration)
2025-06-15T01:13:45.414+01:00  INFO 204138 --- [user-service] [           main] j.LocalContainerEntityManagerFactoryBean : Initialized JPA EntityManagerFactory for persistence unit 'default'
2025-06-15T01:13:46.758+01:00 DEBUG 204138 --- [user-service] [           main] KafkaListenerAnnotationBeanPostProcessor : No retry topic configuration found for topics [trade-events]
2025-06-15T01:13:46.762+01:00 DEBUG 204138 --- [user-service] [           main] KafkaListenerAnnotationBeanPostProcessor : 1 @KafkaListener methods processed on bean 'transactionConsumer': {public void com.simtrade.user_service.service.TransactionConsumer.handleTransaction(com.simtrade.common.entity.Transaction)=[@org.springframework.kafka.annotation.KafkaListener(topicPattern="", beanRef="__listener", contentTypeConverter="", containerFactory="", topics={"trade-events"}, groupId="leaderboard-group", batch="", clientIdPrefix="", topicPartitions={}, splitIterables=true, concurrency="", autoStartup="", filter="", containerGroup="", idIsGroup=true, errorHandler="", id="", properties={}, info="")]}
2025-06-15T01:13:46.997+01:00  WARN 204138 --- [user-service] [           main] JpaBaseConfiguration$JpaWebConfiguration : spring.jpa.open-in-view is enabled by default. Therefore, database queries may be performed during view rendering. Explicitly configure spring.jpa.open-in-view to disable this warning
2025-06-15T01:13:47.374+01:00  INFO 204138 --- [user-service] [           main] o.s.s.web.DefaultSecurityFilterChain     : Will secure any request with [org.springframework.security.web.session.DisableEncodeUrlFilter@2fbbdca, org.springframework.security.web.context.request.async.WebAsyncManagerIntegrationFilter@722a2ba2, org.springframework.security.web.context.SecurityContextHolderFilter@42ae0fcf, org.springframework.security.web.header.HeaderWriterFilter@47620803, org.springframework.web.filter.CorsFilter@788cb7b0, org.springframework.security.web.authentication.logout.LogoutFilter@69dc0dd1, com.simtrade.common.config.JwtAuthenticationFilter@3d805670, org.springframework.security.web.savedrequest.RequestCacheAwareFilter@51a4472d, org.springframework.security.web.servletapi.SecurityContextHolderAwareRequestFilter@5930a229, org.springframework.security.web.authentication.AnonymousAuthenticationFilter@3e711e84, org.springframework.security.web.session.SessionManagementFilter@1d3aefd, org.springframework.security.web.access.ExceptionTranslationFilter@1c93f349, org.springframework.security.web.access.intercept.AuthorizationFilter@1d9db780]
2025-06-15T01:13:47.958+01:00  INFO 204138 --- [user-service] [           main] o.a.k.clients.consumer.ConsumerConfig    : ConsumerConfig values: 
	allow.auto.create.topics = true
	auto.commit.interval.ms = 5000
	auto.include.jmx.reporter = true
	auto.offset.reset = latest
	bootstrap.servers = [localhost:9092]
	check.crcs = true
	client.dns.lookup = use_all_dns_ips
	client.id = consumer-leaderboard-group-1
	client.rack = 
	connections.max.idle.ms = 540000
	default.api.timeout.ms = 60000
	enable.auto.commit = false
	exclude.internal.topics = true
	fetch.max.bytes = 52428800
	fetch.max.wait.ms = 500
	fetch.min.bytes = 1
	group.id = leaderboard-group
	group.instance.id = null
	heartbeat.interval.ms = 3000
	interceptor.classes = []
	internal.leave.group.on.close = true
	internal.throw.on.fetch.stable.offset.unsupported = false
	isolation.level = read_uncommitted
	key.deserializer = class org.apache.kafka.common.serialization.StringDeserializer
	max.partition.fetch.bytes = 1048576
	max.poll.interval.ms = 300000
	max.poll.records = 500
	metadata.max.age.ms = 300000
	metric.reporters = []
	metrics.num.samples = 2
	metrics.recording.level = INFO
	metrics.sample.window.ms = 30000
	partition.assignment.strategy = [class org.apache.kafka.clients.consumer.RangeAssignor, class org.apache.kafka.clients.consumer.CooperativeStickyAssignor]
	receive.buffer.bytes = 65536
	reconnect.backoff.max.ms = 1000
	reconnect.backoff.ms = 50
	request.timeout.ms = 30000
	retry.backoff.ms = 100
	sasl.client.callback.handler.class = null
	sasl.jaas.config = null
	sasl.kerberos.kinit.cmd = /usr/bin/kinit
	sasl.kerberos.min.time.before.relogin = 60000
	sasl.kerberos.service.name = null
	sasl.kerberos.ticket.renew.jitter = 0.05
	sasl.kerberos.ticket.renew.window.factor = 0.8
	sasl.login.callback.handler.class = null
	sasl.login.class = null
	sasl.login.connect.timeout.ms = null
	sasl.login.read.timeout.ms = null
	sasl.login.refresh.buffer.seconds = 300
	sasl.login.refresh.min.period.seconds = 60
	sasl.login.refresh.window.factor = 0.8
	sasl.login.refresh.window.jitter = 0.05
	sasl.login.retry.backoff.max.ms = 10000
	sasl.login.retry.backoff.ms = 100
	sasl.mechanism = GSSAPI
	sasl.oauthbearer.clock.skew.seconds = 30
	sasl.oauthbearer.expected.audience = null
	sasl.oauthbearer.expected.issuer = null
	sasl.oauthbearer.jwks.endpoint.refresh.ms = 3600000
	sasl.oauthbearer.jwks.endpoint.retry.backoff.max.ms = 10000
	sasl.oauthbearer.jwks.endpoint.retry.backoff.ms = 100
	sasl.oauthbearer.jwks.endpoint.url = null
	sasl.oauthbearer.scope.claim.name = scope
	sasl.oauthbearer.sub.claim.name = sub
	sasl.oauthbearer.token.endpoint.url = null
	security.protocol = PLAINTEXT
	security.providers = null
	send.buffer.bytes = 131072
	session.timeout.ms = 45000
	socket.connection.setup.timeout.max.ms = 30000
	socket.connection.setup.timeout.ms = 10000
	ssl.cipher.suites = null
	ssl.enabled.protocols = [TLSv1.2, TLSv1.3]
	ssl.endpoint.identification.algorithm = https
	ssl.engine.factory.class = null
	ssl.key.password = null
	ssl.keymanager.algorithm = SunX509
	ssl.keystore.certificate.chain = null
	ssl.keystore.key = null
	ssl.keystore.location = null
	ssl.keystore.password = null
	ssl.keystore.type = JKS
	ssl.protocol = TLSv1.3
	ssl.provider = null
	ssl.secure.random.implementation = null
	ssl.trustmanager.algorithm = PKIX
	ssl.truststore.certificates = null
	ssl.truststore.location = null
	ssl.truststore.password = null
	ssl.truststore.type = JKS
	value.deserializer = class org.apache.kafka.common.serialization.StringDeserializer

2025-06-15T01:13:47.962+01:00 DEBUG 204138 --- [user-service] [           main] o.a.k.clients.consumer.KafkaConsumer     : [Consumer clientId=consumer-leaderboard-group-1, groupId=leaderboard-group] Initializing the Kafka consumer
2025-06-15T01:13:48.097+01:00  INFO 204138 --- [user-service] [           main] o.a.kafka.common.utils.AppInfoParser     : Kafka version: 3.6.2
2025-06-15T01:13:48.097+01:00  INFO 204138 --- [user-service] [           main] o.a.kafka.common.utils.AppInfoParser     : Kafka commitId: c4deed513057c94e
2025-06-15T01:13:48.098+01:00  INFO 204138 --- [user-service] [           main] o.a.kafka.common.utils.AppInfoParser     : Kafka startTimeMs: 1749946428096
2025-06-15T01:13:48.100+01:00 DEBUG 204138 --- [user-service] [           main] o.a.k.clients.consumer.KafkaConsumer     : [Consumer clientId=consumer-leaderboard-group-1, groupId=leaderboard-group] Kafka consumer initialized
2025-06-15T01:13:48.101+01:00  INFO 204138 --- [user-service] [           main] o.a.k.clients.consumer.KafkaConsumer     : [Consumer clientId=consumer-leaderboard-group-1, groupId=leaderboard-group] Subscribed to topic(s): trade-events
2025-06-15T01:13:48.107+01:00  INFO 204138 --- [user-service] [           main] o.s.m.s.b.SimpleBrokerMessageHandler     : Starting...
2025-06-15T01:13:48.107+01:00 DEBUG 204138 --- [user-service] [ntainer#0-0-C-1] o.s.k.l.KafkaMessageListenerContainer    : Commit list: {}
2025-06-15T01:13:48.110+01:00 DEBUG 204138 --- [user-service] [ntainer#0-0-C-1] o.a.k.c.c.internals.ConsumerCoordinator  : [Consumer clientId=consumer-leaderboard-group-1, groupId=leaderboard-group] Sending FindCoordinator request to broker localhost:9092 (id: -1 rack: null)
2025-06-15T01:13:48.110+01:00  INFO 204138 --- [user-service] [           main] o.s.m.s.b.SimpleBrokerMessageHandler     : BrokerAvailabilityEvent[available=true, SimpleBrokerMessageHandler [org.springframework.messaging.simp.broker.DefaultSubscriptionRegistry@664f1c53]]
2025-06-15T01:13:48.110+01:00  INFO 204138 --- [user-service] [           main] o.s.m.s.b.SimpleBrokerMessageHandler     : Started.
2025-06-15T01:13:48.133+01:00  INFO 204138 --- [user-service] [           main] c.s.u.UserServiceApplicationTests        : Started UserServiceApplicationTests in 6.842 seconds (process running for 8.002)
2025-06-15T01:13:48.380+01:00 DEBUG 204138 --- [user-service] [ntainer#0-0-C-1] org.apache.kafka.clients.ClientUtils     : Resolved host localhost as 127.0.0.1
2025-06-15T01:13:48.380+01:00 DEBUG 204138 --- [user-service] [ntainer#0-0-C-1] o.a.k.clients.ClusterConnectionStates    : [Consumer clientId=consumer-leaderboard-group-1, groupId=leaderboard-group] Resolved host localhost to addresses [localhost/127.0.0.1]
2025-06-15T01:13:48.381+01:00 DEBUG 204138 --- [user-service] [ntainer#0-0-C-1] org.apache.kafka.clients.NetworkClient   : [Consumer clientId=consumer-leaderboard-group-1, groupId=leaderboard-group] Initiating connection to node localhost:9092 (id: -1 rack: null) using address localhost/127.0.0.1
2025-06-15T01:13:48.390+01:00 DEBUG 204138 --- [user-service] [ntainer#0-0-C-1] o.apache.kafka.common.network.Selector   : [Consumer clientId=consumer-leaderboard-group-1, groupId=leaderboard-group] Connection with localhost/127.0.0.1 (channelId=-1) disconnected

java.net.ConnectException: Connection refused
	at java.base/sun.nio.ch.Net.pollConnect(Native Method) ~[na:na]
	at java.base/sun.nio.ch.Net.pollConnectNow(Net.java:672) ~[na:na]
	at java.base/sun.nio.ch.SocketChannelImpl.finishConnect(SocketChannelImpl.java:946) ~[na:na]
	at org.apache.kafka.common.network.PlaintextTransportLayer.finishConnect(PlaintextTransportLayer.java:50) ~[kafka-clients-3.6.2.jar:na]
	at org.apache.kafka.common.network.KafkaChannel.finishConnect(KafkaChannel.java:224) ~[kafka-clients-3.6.2.jar:na]
	at org.apache.kafka.common.network.Selector.pollSelectionKeys(Selector.java:526) ~[kafka-clients-3.6.2.jar:na]
	at org.apache.kafka.common.network.Selector.poll(Selector.java:481) ~[kafka-clients-3.6.2.jar:na]
	at org.apache.kafka.clients.NetworkClient.poll(NetworkClient.java:571) ~[kafka-clients-3.6.2.jar:na]
	at org.apache.kafka.clients.consumer.internals.ConsumerNetworkClient.poll(ConsumerNetworkClient.java:280) ~[kafka-clients-3.6.2.jar:na]
	at org.apache.kafka.clients.consumer.internals.ConsumerNetworkClient.poll(ConsumerNetworkClient.java:230) ~[kafka-clients-3.6.2.jar:na]
	at org.apache.kafka.clients.consumer.internals.AbstractCoordinator.ensureCoordinatorReady(AbstractCoordinator.java:265) ~[kafka-clients-3.6.2.jar:na]
	at org.apache.kafka.clients.consumer.internals.AbstractCoordinator.ensureCoordinatorReady(AbstractCoordinator.java:240) ~[kafka-clients-3.6.2.jar:na]
	at org.apache.kafka.clients.consumer.internals.ConsumerCoordinator.coordinatorUnknownAndUnreadySync(ConsumerCoordinator.java:504) ~[kafka-clients-3.6.2.jar:na]
	at org.apache.kafka.clients.consumer.internals.ConsumerCoordinator.poll(ConsumerCoordinator.java:536) ~[kafka-clients-3.6.2.jar:na]
	at org.apache.kafka.clients.consumer.KafkaConsumer.updateAssignmentMetadataIfNeeded(KafkaConsumer.java:1220) ~[kafka-clients-3.6.2.jar:na]
	at org.apache.kafka.clients.consumer.KafkaConsumer.poll(KafkaConsumer.java:1179) ~[kafka-clients-3.6.2.jar:na]
	at org.apache.kafka.clients.consumer.KafkaConsumer.poll(KafkaConsumer.java:1159) ~[kafka-clients-3.6.2.jar:na]
	at org.springframework.kafka.listener.KafkaMessageListenerContainer$ListenerConsumer.pollConsumer(KafkaMessageListenerContainer.java:1726) ~[spring-kafka-3.0.6.jar:3.0.6]
	at org.springframework.kafka.listener.KafkaMessageListenerContainer$ListenerConsumer.doPoll(KafkaMessageListenerContainer.java:1701) ~[spring-kafka-3.0.6.jar:3.0.6]
	at org.springframework.kafka.listener.KafkaMessageListenerContainer$ListenerConsumer.pollAndInvoke(KafkaMessageListenerContainer.java:1502) ~[spring-kafka-3.0.6.jar:3.0.6]
	at org.springframework.kafka.listener.KafkaMessageListenerContainer$ListenerConsumer.run(KafkaMessageListenerContainer.java:1394) ~[spring-kafka-3.0.6.jar:3.0.6]
	at java.base/java.util.concurrent.CompletableFuture$AsyncRun.run(CompletableFuture.java:1804) ~[na:na]
	at java.base/java.lang.Thread.run(Thread.java:840) ~[na:na]

2025-06-15T01:13:48.395+01:00  INFO 204138 --- [user-service] [ntainer#0-0-C-1] org.apache.kafka.clients.NetworkClient   : [Consumer clientId=consumer-leaderboard-group-1, groupId=leaderboard-group] Node -1 disconnected.
2025-06-15T01:13:48.396+01:00  WARN 204138 --- [user-service] [ntainer#0-0-C-1] org.apache.kafka.clients.NetworkClient   : [Consumer clientId=consumer-leaderboard-group-1, groupId=leaderboard-group] Connection to node -1 (localhost/127.0.0.1:9092) could not be established. Broker may not be available.
2025-06-15T01:13:48.397+01:00  WARN 204138 --- [user-service] [ntainer#0-0-C-1] org.apache.kafka.clients.NetworkClient   : [Consumer clientId=consumer-leaderboard-group-1, groupId=leaderboard-group] Bootstrap broker localhost:9092 (id: -1 rack: null) disconnected
2025-06-15T01:13:48.401+01:00 DEBUG 204138 --- [user-service] [ntainer#0-0-C-1] o.a.k.c.c.i.ConsumerNetworkClient        : [Consumer clientId=consumer-leaderboard-group-1, groupId=leaderboard-group] Cancelled request with header RequestHeader(apiKey=FIND_COORDINATOR, apiVersion=4, clientId=consumer-leaderboard-group-1, correlationId=0, headerVersion=2) due to node -1 being disconnected
2025-06-15T01:13:48.402+01:00 DEBUG 204138 --- [user-service] [ntainer#0-0-C-1] o.a.k.c.c.internals.ConsumerCoordinator  : [Consumer clientId=consumer-leaderboard-group-1, groupId=leaderboard-group] FindCoordinator request failed due to org.apache.kafka.common.errors.DisconnectException
2025-06-15T01:13:48.402+01:00 DEBUG 204138 --- [user-service] [ntainer#0-0-C-1] o.a.k.c.c.internals.ConsumerCoordinator  : [Consumer clientId=consumer-leaderboard-group-1, groupId=leaderboard-group] Coordinator discovery failed, refreshing metadata

org.apache.kafka.common.errors.DisconnectException: null

2025-06-15T01:13:48.496+01:00 DEBUG 204138 --- [user-service] [ntainer#0-0-C-1] org.apache.kafka.clients.NetworkClient   : [Consumer clientId=consumer-leaderboard-group-1, groupId=leaderboard-group] Initialize connection to node localhost:9092 (id: -1 rack: null) for sending metadata request
2025-06-15T01:13:48.496+01:00 DEBUG 204138 --- [user-service] [ntainer#0-0-C-1] org.apache.kafka.clients.ClientUtils     : Resolved host localhost as 127.0.0.1
2025-06-15T01:13:48.496+01:00 DEBUG 204138 --- [user-service] [ntainer#0-0-C-1] o.a.k.clients.ClusterConnectionStates    : [Consumer clientId=consumer-leaderboard-group-1, groupId=leaderboard-group] Resolved host localhost to addresses [localhost/127.0.0.1]
2025-06-15T01:13:48.497+01:00 DEBUG 204138 --- [user-service] [ntainer#0-0-C-1] org.apache.kafka.clients.NetworkClient   : [Consumer clientId=consumer-leaderboard-group-1, groupId=leaderboard-group] Initiating connection to node localhost:9092 (id: -1 rack: null) using address localhost/127.0.0.1
2025-06-15T01:13:48.497+01:00 DEBUG 204138 --- [user-service] [ntainer#0-0-C-1] o.apache.kafka.common.network.Selector   : [Consumer clientId=consumer-leaderboard-group-1, groupId=leaderboard-group] Connection with localhost/127.0.0.1 (channelId=-1) disconnected

java.net.ConnectException: Connection refused
	at java.base/sun.nio.ch.Net.pollConnect(Native Method) ~[na:na]
	at java.base/sun.nio.ch.Net.pollConnectNow(Net.java:672) ~[na:na]
	at java.base/sun.nio.ch.SocketChannelImpl.finishConnect(SocketChannelImpl.java:946) ~[na:na]
	at org.apache.kafka.common.network.PlaintextTransportLayer.finishConnect(PlaintextTransportLayer.java:50) ~[kafka-clients-3.6.2.jar:na]
	at org.apache.kafka.common.network.KafkaChannel.finishConnect(KafkaChannel.java:224) ~[kafka-clients-3.6.2.jar:na]
	at org.apache.kafka.common.network.Selector.pollSelectionKeys(Selector.java:526) ~[kafka-clients-3.6.2.jar:na]
	at org.apache.kafka.common.network.Selector.poll(Selector.java:481) ~[kafka-clients-3.6.2.jar:na]
	at org.apache.kafka.clients.NetworkClient.poll(NetworkClient.java:571) ~[kafka-clients-3.6.2.jar:na]
	at org.apache.kafka.clients.consumer.internals.ConsumerNetworkClient.poll(ConsumerNetworkClient.java:280) ~[kafka-clients-3.6.2.jar:na]
	at org.apache.kafka.clients.consumer.internals.ConsumerNetworkClient.poll(ConsumerNetworkClient.java:251) ~[kafka-clients-3.6.2.jar:na]
	at org.apache.kafka.clients.consumer.internals.ConsumerNetworkClient.poll(ConsumerNetworkClient.java:242) ~[kafka-clients-3.6.2.jar:na]
	at org.apache.kafka.clients.consumer.internals.ConsumerNetworkClient.awaitMetadataUpdate(ConsumerNetworkClient.java:164) ~[kafka-clients-3.6.2.jar:na]
	at org.apache.kafka.clients.consumer.internals.AbstractCoordinator.ensureCoordinatorReady(AbstractCoordinator.java:277) ~[kafka-clients-3.6.2.jar:na]
	at org.apache.kafka.clients.consumer.internals.AbstractCoordinator.ensureCoordinatorReady(AbstractCoordinator.java:240) ~[kafka-clients-3.6.2.jar:na]
	at org.apache.kafka.clients.consumer.internals.ConsumerCoordinator.coordinatorUnknownAndUnreadySync(ConsumerCoordinator.java:504) ~[kafka-clients-3.6.2.jar:na]
	at org.apache.kafka.clients.consumer.internals.ConsumerCoordinator.poll(ConsumerCoordinator.java:536) ~[kafka-clients-3.6.2.jar:na]
	at org.apache.kafka.clients.consumer.KafkaConsumer.updateAssignmentMetadataIfNeeded(KafkaConsumer.java:1220) ~[kafka-clients-3.6.2.jar:na]
	at org.apache.kafka.clients.consumer.KafkaConsumer.poll(KafkaConsumer.java:1179) ~[kafka-clients-3.6.2.jar:na]
	at org.apache.kafka.clients.consumer.KafkaConsumer.poll(KafkaConsumer.java:1159) ~[kafka-clients-3.6.2.jar:na]
	at org.springframework.kafka.listener.KafkaMessageListenerContainer$ListenerConsumer.pollConsumer(KafkaMessageListenerContainer.java:1726) ~[spring-kafka-3.0.6.jar:3.0.6]
	at org.springframework.kafka.listener.KafkaMessageListenerContainer$ListenerConsumer.doPoll(KafkaMessageListenerContainer.java:1701) ~[spring-kafka-3.0.6.jar:3.0.6]
	at org.springframework.kafka.listener.KafkaMessageListenerContainer$ListenerConsumer.pollAndInvoke(KafkaMessageListenerContainer.java:1502) ~[spring-kafka-3.0.6.jar:3.0.6]
	at org.springframework.kafka.listener.KafkaMessageListenerContainer$ListenerConsumer.run(KafkaMessageListenerContainer.java:1394) ~[spring-kafka-3.0.6.jar:3.0.6]
	at java.base/java.util.concurrent.CompletableFuture$AsyncRun.run(CompletableFuture.java:1804) ~[na:na]
	at java.base/java.lang.Thread.run(Thread.java:840) ~[na:na]

2025-06-15T01:13:48.498+01:00  INFO 204138 --- [user-service] [ntainer#0-0-C-1] org.apache.kafka.clients.NetworkClient   : [Consumer clientId=consumer-leaderboard-group-1, groupId=leaderboard-group] Node -1 disconnected.
2025-06-15T01:13:48.499+01:00  WARN 204138 --- [user-service] [ntainer#0-0-C-1] org.apache.kafka.clients.NetworkClient   : [Consumer clientId=consumer-leaderboard-group-1, groupId=leaderboard-group] Connection to node -1 (localhost/127.0.0.1:9092) could not be established. Broker may not be available.
2025-06-15T01:13:48.499+01:00  WARN 204138 --- [user-service] [ntainer#0-0-C-1] org.apache.kafka.clients.NetworkClient   : [Consumer clientId=consumer-leaderboard-group-1, groupId=leaderboard-group] Bootstrap broker localhost:9092 (id: -1 rack: null) disconnected
2025-06-15T01:13:48.598+01:00 DEBUG 204138 --- [user-service] [ntainer#0-0-C-1] org.apache.kafka.clients.NetworkClient   : [Consumer clientId=consumer-leaderboard-group-1, groupId=leaderboard-group] Initialize connection to node localhost:9092 (id: -1 rack: null) for sending metadata request
2025-06-15T01:13:48.599+01:00 DEBUG 204138 --- [user-service] [ntainer#0-0-C-1] org.apache.kafka.clients.ClientUtils     : Resolved host localhost as 127.0.0.1
2025-06-15T01:13:48.599+01:00 DEBUG 204138 --- [user-service] [ntainer#0-0-C-1] o.a.k.clients.ClusterConnectionStates    : [Consumer clientId=consumer-leaderboard-group-1, groupId=leaderboard-group] Resolved host localhost to addresses [localhost/127.0.0.1]
2025-06-15T01:13:48.599+01:00 DEBUG 204138 --- [user-service] [ntainer#0-0-C-1] org.apache.kafka.clients.NetworkClient   : [Consumer clientId=consumer-leaderboard-group-1, groupId=leaderboard-group] Initiating connection to node localhost:9092 (id: -1 rack: null) using address localhost/127.0.0.1
2025-06-15T01:13:48.600+01:00 DEBUG 204138 --- [user-service] [ntainer#0-0-C-1] o.apache.kafka.common.network.Selector   : [Consumer clientId=consumer-leaderboard-group-1, groupId=leaderboard-group] Connection with localhost/127.0.0.1 (channelId=-1) disconnected

java.net.ConnectException: Connection refused
	at java.base/sun.nio.ch.Net.pollConnect(Native Method) ~[na:na]
	at java.base/sun.nio.ch.Net.pollConnectNow(Net.java:672) ~[na:na]
	at java.base/sun.nio.ch.SocketChannelImpl.finishConnect(SocketChannelImpl.java:946) ~[na:na]
	at org.apache.kafka.common.network.PlaintextTransportLayer.finishConnect(PlaintextTransportLayer.java:50) ~[kafka-clients-3.6.2.jar:na]
	at org.apache.kafka.common.network.KafkaChannel.finishConnect(KafkaChannel.java:224) ~[kafka-clients-3.6.2.jar:na]
	at org.apache.kafka.common.network.Selector.pollSelectionKeys(Selector.java:526) ~[kafka-clients-3.6.2.jar:na]
	at org.apache.kafka.common.network.Selector.poll(Selector.java:481) ~[kafka-clients-3.6.2.jar:na]
	at org.apache.kafka.clients.NetworkClient.poll(NetworkClient.java:571) ~[kafka-clients-3.6.2.jar:na]
	at org.apache.kafka.clients.consumer.internals.ConsumerNetworkClient.poll(ConsumerNetworkClient.java:280) ~[kafka-clients-3.6.2.jar:na]
	at org.apache.kafka.clients.consumer.internals.ConsumerNetworkClient.poll(ConsumerNetworkClient.java:251) ~[kafka-clients-3.6.2.jar:na]
	at org.apache.kafka.clients.consumer.internals.ConsumerNetworkClient.poll(ConsumerNetworkClient.java:242) ~[kafka-clients-3.6.2.jar:na]
	at org.apache.kafka.clients.consumer.internals.ConsumerNetworkClient.awaitMetadataUpdate(ConsumerNetworkClient.java:164) ~[kafka-clients-3.6.2.jar:na]
	at org.apache.kafka.clients.consumer.internals.AbstractCoordinator.ensureCoordinatorReady(AbstractCoordinator.java:277) ~[kafka-clients-3.6.2.jar:na]
	at org.apache.kafka.clients.consumer.internals.AbstractCoordinator.ensureCoordinatorReady(AbstractCoordinator.java:240) ~[kafka-clients-3.6.2.jar:na]
	at org.apache.kafka.clients.consumer.internals.ConsumerCoordinator.coordinatorUnknownAndUnreadySync(ConsumerCoordinator.java:504) ~[kafka-clients-3.6.2.jar:na]
	at org.apache.kafka.clients.consumer.internals.ConsumerCoordinator.poll(ConsumerCoordinator.java:536) ~[kafka-clients-3.6.2.jar:na]
	at org.apache.kafka.clients.consumer.KafkaConsumer.updateAssignmentMetadataIfNeeded(KafkaConsumer.java:1220) ~[kafka-clients-3.6.2.jar:na]
	at org.apache.kafka.clients.consumer.KafkaConsumer.poll(KafkaConsumer.java:1179) ~[kafka-clients-3.6.2.jar:na]
	at org.apache.kafka.clients.consumer.KafkaConsumer.poll(KafkaConsumer.java:1159) ~[kafka-clients-3.6.2.jar:na]
	at org.springframework.kafka.listener.KafkaMessageListenerContainer$ListenerConsumer.pollConsumer(KafkaMessageListenerContainer.java:1726) ~[spring-kafka-3.0.6.jar:3.0.6]
	at org.springframework.kafka.listener.KafkaMessageListenerContainer$ListenerConsumer.doPoll(KafkaMessageListenerContainer.java:1701) ~[spring-kafka-3.0.6.jar:3.0.6]
	at org.springframework.kafka.listener.KafkaMessageListenerContainer$ListenerConsumer.pollAndInvoke(KafkaMessageListenerContainer.java:1502) ~[spring-kafka-3.0.6.jar:3.0.6]
	at org.springframework.kafka.listener.KafkaMessageListenerContainer$ListenerConsumer.run(KafkaMessageListenerContainer.java:1394) ~[spring-kafka-3.0.6.jar:3.0.6]
	at java.base/java.util.concurrent.CompletableFuture$AsyncRun.run(CompletableFuture.java:1804) ~[na:na]
	at java.base/java.lang.Thread.run(Thread.java:840) ~[na:na]

2025-06-15T01:13:48.601+01:00  INFO 204138 --- [user-service] [ntainer#0-0-C-1] org.apache.kafka.clients.NetworkClient   : [Consumer clientId=consumer-leaderboard-group-1, groupId=leaderboard-group] Node -1 disconnected.
2025-06-15T01:13:48.602+01:00  WARN 204138 --- [user-service] [ntainer#0-0-C-1] org.apache.kafka.clients.NetworkClient   : [Consumer clientId=consumer-leaderboard-group-1, groupId=leaderboard-group] Connection to node -1 (localhost/127.0.0.1:9092) could not be established. Broker may not be available.
2025-06-15T01:13:48.602+01:00  WARN 204138 --- [user-service] [ntainer#0-0-C-1] org.apache.kafka.clients.NetworkClient   : [Consumer clientId=consumer-leaderboard-group-1, groupId=leaderboard-group] Bootstrap broker localhost:9092 (id: -1 rack: null) disconnected
2025-06-15T01:13:48.701+01:00 DEBUG 204138 --- [user-service] [ntainer#0-0-C-1] org.apache.kafka.clients.NetworkClient   : [Consumer clientId=consumer-leaderboard-group-1, groupId=leaderboard-group] Give up sending metadata request since no node is available
]]></system-out>
  </testcase>
</testsuite>